2021-06-16 15:59:53.824 [main] INFO  com.boran.erp.ArchetypeLtPdApplication - Starting ArchetypeLtPdApplication on LAPTOP-M5HOM3R5 with PID 3324 (C:\Users\LT\Desktop\boran_erp\boran_erp-PD\target\classes started by LT in C:\Users\LT\Desktop\boran_erp)
2021-06-16 15:59:53.825 [main] INFO  com.boran.erp.ArchetypeLtPdApplication - No active profile set, falling back to default profiles: default
2021-06-16 15:59:55.860 [main] INFO  o.s.boot.web.embedded.tomcat.TomcatWebServer - Tomcat initialized with port(s): 9090 (http)
2021-06-16 15:59:55.882 [main] INFO  org.apache.coyote.http11.Http11NioProtocol - Initializing ProtocolHandler ["http-nio-9090"]
2021-06-16 15:59:55.883 [main] INFO  org.apache.catalina.core.StandardService - Starting service [Tomcat]
2021-06-16 15:59:55.884 [main] INFO  org.apache.catalina.core.StandardEngine - Starting Servlet engine: [Apache Tomcat/9.0.39]
2021-06-16 15:59:55.991 [main] INFO  o.a.c.core.ContainerBase.[Tomcat].[localhost].[/] - Initializing Spring embedded WebApplicationContext
2021-06-16 15:59:55.991 [main] INFO  o.s.b.w.s.c.ServletWebServerApplicationContext - Root WebApplicationContext: initialization completed in 2109 ms
2021-06-16 15:59:57.599 [main] INFO  o.s.scheduling.concurrent.ThreadPoolTaskExecutor - Initializing ExecutorService 'applicationTaskExecutor'
2021-06-16 15:59:57.794 [main] INFO  org.apache.coyote.http11.Http11NioProtocol - Starting ProtocolHandler ["http-nio-9090"]
2021-06-16 15:59:57.870 [main] INFO  o.s.boot.web.embedded.tomcat.TomcatWebServer - Tomcat started on port(s): 9090 (http) with context path ''
2021-06-16 15:59:57.879 [main] INFO  com.boran.erp.ArchetypeLtPdApplication - Started ArchetypeLtPdApplication in 4.969 seconds (JVM running for 7.151)
2021-06-16 15:59:57.881 [main] INFO  com.boran.erp.ArchetypeLtPdApplication - 
===============启动成功了===============
2021-06-16 16:05:29.821 [http-nio-9090-exec-1] INFO  o.a.c.core.ContainerBase.[Tomcat].[localhost].[/] - Initializing Spring DispatcherServlet 'dispatcherServlet'
2021-06-16 16:05:29.821 [http-nio-9090-exec-1] INFO  org.springframework.web.servlet.DispatcherServlet - Initializing Servlet 'dispatcherServlet'
2021-06-16 16:05:29.829 [http-nio-9090-exec-1] INFO  org.springframework.web.servlet.DispatcherServlet - Completed initialization in 8 ms
2021-06-16 16:05:30.191 [http-nio-9090-exec-1] INFO  com.zaxxer.hikari.HikariDataSource - HikariPool-1 - Starting...
2021-06-16 16:06:27.226 [main] INFO  com.boran.erp.ArchetypeLtPdApplication - Starting ArchetypeLtPdApplication on LAPTOP-M5HOM3R5 with PID 20472 (C:\Users\LT\Desktop\boran_erp\boran_erp-PD\target\classes started by LT in C:\Users\LT\Desktop\boran_erp)
2021-06-16 16:06:27.227 [main] INFO  com.boran.erp.ArchetypeLtPdApplication - No active profile set, falling back to default profiles: default
2021-06-16 16:06:28.560 [main] INFO  o.s.boot.web.embedded.tomcat.TomcatWebServer - Tomcat initialized with port(s): 9090 (http)
2021-06-16 16:06:28.569 [main] INFO  org.apache.coyote.http11.Http11NioProtocol - Initializing ProtocolHandler ["http-nio-9090"]
2021-06-16 16:06:28.570 [main] INFO  org.apache.catalina.core.StandardService - Starting service [Tomcat]
2021-06-16 16:06:28.571 [main] INFO  org.apache.catalina.core.StandardEngine - Starting Servlet engine: [Apache Tomcat/9.0.39]
2021-06-16 16:06:28.756 [main] INFO  o.a.c.core.ContainerBase.[Tomcat].[localhost].[/] - Initializing Spring embedded WebApplicationContext
2021-06-16 16:06:28.756 [main] INFO  o.s.b.w.s.c.ServletWebServerApplicationContext - Root WebApplicationContext: initialization completed in 1489 ms
2021-06-16 16:06:30.162 [main] INFO  o.s.scheduling.concurrent.ThreadPoolTaskExecutor - Initializing ExecutorService 'applicationTaskExecutor'
2021-06-16 16:06:30.323 [main] INFO  org.apache.coyote.http11.Http11NioProtocol - Starting ProtocolHandler ["http-nio-9090"]
2021-06-16 16:06:30.398 [main] INFO  o.s.boot.web.embedded.tomcat.TomcatWebServer - Tomcat started on port(s): 9090 (http) with context path ''
2021-06-16 16:06:30.407 [main] INFO  com.boran.erp.ArchetypeLtPdApplication - Started ArchetypeLtPdApplication in 4.203 seconds (JVM running for 7.391)
2021-06-16 16:06:30.409 [main] INFO  com.boran.erp.ArchetypeLtPdApplication - 
===============启动成功了===============
2021-06-16 16:06:34.533 [http-nio-9090-exec-1] INFO  o.a.c.core.ContainerBase.[Tomcat].[localhost].[/] - Initializing Spring DispatcherServlet 'dispatcherServlet'
2021-06-16 16:06:34.533 [http-nio-9090-exec-1] INFO  org.springframework.web.servlet.DispatcherServlet - Initializing Servlet 'dispatcherServlet'
2021-06-16 16:06:34.539 [http-nio-9090-exec-1] INFO  org.springframework.web.servlet.DispatcherServlet - Completed initialization in 5 ms
2021-06-16 16:06:34.635 [http-nio-9090-exec-1] INFO  com.zaxxer.hikari.HikariDataSource - HikariPool-1 - Starting...
2021-06-16 16:06:35.746 [http-nio-9090-exec-1] INFO  com.zaxxer.hikari.HikariDataSource - HikariPool-1 - Start completed.
2021-06-16 16:15:16.719 [main] INFO  com.boran.erp.ArchetypeLtPdApplication - Starting ArchetypeLtPdApplication on LAPTOP-M5HOM3R5 with PID 6120 (C:\Users\LT\Desktop\boran_erp\boran_erp-PD\target\classes started by LT in C:\Users\LT\Desktop\boran_erp)
2021-06-16 16:15:16.721 [main] INFO  com.boran.erp.ArchetypeLtPdApplication - No active profile set, falling back to default profiles: default
2021-06-16 16:15:18.065 [main] INFO  o.s.boot.web.embedded.tomcat.TomcatWebServer - Tomcat initialized with port(s): 9090 (http)
2021-06-16 16:15:18.074 [main] INFO  org.apache.coyote.http11.Http11NioProtocol - Initializing ProtocolHandler ["http-nio-9090"]
2021-06-16 16:15:18.076 [main] INFO  org.apache.catalina.core.StandardService - Starting service [Tomcat]
2021-06-16 16:15:18.076 [main] INFO  org.apache.catalina.core.StandardEngine - Starting Servlet engine: [Apache Tomcat/9.0.39]
2021-06-16 16:15:18.210 [main] INFO  o.a.c.core.ContainerBase.[Tomcat].[localhost].[/] - Initializing Spring embedded WebApplicationContext
2021-06-16 16:15:18.210 [main] INFO  o.s.b.w.s.c.ServletWebServerApplicationContext - Root WebApplicationContext: initialization completed in 1450 ms
2021-06-16 16:15:19.637 [main] INFO  o.s.scheduling.concurrent.ThreadPoolTaskExecutor - Initializing ExecutorService 'applicationTaskExecutor'
2021-06-16 16:15:19.826 [main] INFO  org.apache.coyote.http11.Http11NioProtocol - Starting ProtocolHandler ["http-nio-9090"]
2021-06-16 16:15:19.901 [main] INFO  o.s.boot.web.embedded.tomcat.TomcatWebServer - Tomcat started on port(s): 9090 (http) with context path ''
2021-06-16 16:15:19.910 [main] INFO  com.boran.erp.ArchetypeLtPdApplication - Started ArchetypeLtPdApplication in 3.88 seconds (JVM running for 7.431)
2021-06-16 16:15:19.912 [main] INFO  com.boran.erp.ArchetypeLtPdApplication - 
===============启动成功了===============
2021-06-16 16:15:26.173 [http-nio-9090-exec-1] INFO  o.a.c.core.ContainerBase.[Tomcat].[localhost].[/] - Initializing Spring DispatcherServlet 'dispatcherServlet'
2021-06-16 16:15:26.174 [http-nio-9090-exec-1] INFO  org.springframework.web.servlet.DispatcherServlet - Initializing Servlet 'dispatcherServlet'
2021-06-16 16:15:26.182 [http-nio-9090-exec-1] INFO  org.springframework.web.servlet.DispatcherServlet - Completed initialization in 8 ms
2021-06-16 16:16:22.667 [main] INFO  com.boran.erp.ArchetypeLtPdApplication - Starting ArchetypeLtPdApplication on LAPTOP-M5HOM3R5 with PID 1048 (C:\Users\LT\Desktop\boran_erp\boran_erp-PD\target\classes started by LT in C:\Users\LT\Desktop\boran_erp)
2021-06-16 16:16:22.668 [main] INFO  com.boran.erp.ArchetypeLtPdApplication - No active profile set, falling back to default profiles: default
2021-06-16 16:16:23.720 [main] INFO  o.s.boot.web.embedded.tomcat.TomcatWebServer - Tomcat initialized with port(s): 9090 (http)
2021-06-16 16:16:23.728 [main] INFO  org.apache.coyote.http11.Http11NioProtocol - Initializing ProtocolHandler ["http-nio-9090"]
2021-06-16 16:16:23.730 [main] INFO  org.apache.catalina.core.StandardService - Starting service [Tomcat]
2021-06-16 16:16:23.731 [main] INFO  org.apache.catalina.core.StandardEngine - Starting Servlet engine: [Apache Tomcat/9.0.39]
2021-06-16 16:16:23.840 [main] INFO  o.a.c.core.ContainerBase.[Tomcat].[localhost].[/] - Initializing Spring embedded WebApplicationContext
2021-06-16 16:16:23.841 [main] INFO  o.s.b.w.s.c.ServletWebServerApplicationContext - Root WebApplicationContext: initialization completed in 1129 ms
2021-06-16 16:16:25.299 [main] INFO  o.s.scheduling.concurrent.ThreadPoolTaskExecutor - Initializing ExecutorService 'applicationTaskExecutor'
2021-06-16 16:16:25.481 [main] INFO  org.apache.coyote.http11.Http11NioProtocol - Starting ProtocolHandler ["http-nio-9090"]
2021-06-16 16:16:25.555 [main] INFO  o.s.boot.web.embedded.tomcat.TomcatWebServer - Tomcat started on port(s): 9090 (http) with context path ''
2021-06-16 16:16:25.564 [main] INFO  com.boran.erp.ArchetypeLtPdApplication - Started ArchetypeLtPdApplication in 3.546 seconds (JVM running for 6.011)
2021-06-16 16:16:25.566 [main] INFO  com.boran.erp.ArchetypeLtPdApplication - 
===============启动成功了===============
2021-06-16 16:16:27.717 [http-nio-9090-exec-1] INFO  o.a.c.core.ContainerBase.[Tomcat].[localhost].[/] - Initializing Spring DispatcherServlet 'dispatcherServlet'
2021-06-16 16:16:27.718 [http-nio-9090-exec-1] INFO  org.springframework.web.servlet.DispatcherServlet - Initializing Servlet 'dispatcherServlet'
2021-06-16 16:16:27.722 [http-nio-9090-exec-1] INFO  org.springframework.web.servlet.DispatcherServlet - Completed initialization in 4 ms
2021-06-16 16:17:36.609 [main] INFO  com.boran.erp.ArchetypeLtPdApplication - Starting ArchetypeLtPdApplication on LAPTOP-M5HOM3R5 with PID 20036 (C:\Users\LT\Desktop\boran_erp\boran_erp-PD\target\classes started by LT in C:\Users\LT\Desktop\boran_erp)
2021-06-16 16:17:36.611 [main] INFO  com.boran.erp.ArchetypeLtPdApplication - No active profile set, falling back to default profiles: default
2021-06-16 16:17:37.568 [main] INFO  o.s.boot.web.embedded.tomcat.TomcatWebServer - Tomcat initialized with port(s): 9090 (http)
2021-06-16 16:17:37.577 [main] INFO  org.apache.coyote.http11.Http11NioProtocol - Initializing ProtocolHandler ["http-nio-9090"]
2021-06-16 16:17:37.578 [main] INFO  org.apache.catalina.core.StandardService - Starting service [Tomcat]
2021-06-16 16:17:37.579 [main] INFO  org.apache.catalina.core.StandardEngine - Starting Servlet engine: [Apache Tomcat/9.0.39]
2021-06-16 16:17:37.684 [main] INFO  o.a.c.core.ContainerBase.[Tomcat].[localhost].[/] - Initializing Spring embedded WebApplicationContext
2021-06-16 16:17:37.684 [main] INFO  o.s.b.w.s.c.ServletWebServerApplicationContext - Root WebApplicationContext: initialization completed in 1024 ms
2021-06-16 16:17:39.043 [main] INFO  o.s.scheduling.concurrent.ThreadPoolTaskExecutor - Initializing ExecutorService 'applicationTaskExecutor'
2021-06-16 16:17:39.204 [main] INFO  org.apache.coyote.http11.Http11NioProtocol - Starting ProtocolHandler ["http-nio-9090"]
2021-06-16 16:17:39.280 [main] INFO  o.s.boot.web.embedded.tomcat.TomcatWebServer - Tomcat started on port(s): 9090 (http) with context path ''
2021-06-16 16:17:39.288 [main] INFO  com.boran.erp.ArchetypeLtPdApplication - Started ArchetypeLtPdApplication in 3.342 seconds (JVM running for 5.539)
2021-06-16 16:17:39.290 [main] INFO  com.boran.erp.ArchetypeLtPdApplication - 
===============启动成功了===============
2021-06-16 16:17:43.090 [http-nio-9090-exec-1] INFO  o.a.c.core.ContainerBase.[Tomcat].[localhost].[/] - Initializing Spring DispatcherServlet 'dispatcherServlet'
2021-06-16 16:17:43.091 [http-nio-9090-exec-1] INFO  org.springframework.web.servlet.DispatcherServlet - Initializing Servlet 'dispatcherServlet'
2021-06-16 16:17:43.096 [http-nio-9090-exec-1] INFO  org.springframework.web.servlet.DispatcherServlet - Completed initialization in 5 ms
2021-06-16 16:17:43.244 [http-nio-9090-exec-1] INFO  com.zaxxer.hikari.HikariDataSource - HikariPool-1 - Starting...
2021-06-16 16:17:44.325 [http-nio-9090-exec-1] INFO  com.zaxxer.hikari.HikariDataSource - HikariPool-1 - Start completed.
2021-06-16 16:27:02.900 [main] INFO  com.boran.erp.ArchetypeLtPdApplication - Starting ArchetypeLtPdApplication on LAPTOP-M5HOM3R5 with PID 19996 (C:\Users\LT\Desktop\boran_erp\boran_erp-PD\target\classes started by LT in C:\Users\LT\Desktop\boran_erp)
2021-06-16 16:27:02.902 [main] INFO  com.boran.erp.ArchetypeLtPdApplication - No active profile set, falling back to default profiles: default
2021-06-16 16:27:03.906 [main] INFO  o.s.boot.web.embedded.tomcat.TomcatWebServer - Tomcat initialized with port(s): 9090 (http)
2021-06-16 16:27:03.915 [main] INFO  org.apache.coyote.http11.Http11NioProtocol - Initializing ProtocolHandler ["http-nio-9090"]
2021-06-16 16:27:03.916 [main] INFO  org.apache.catalina.core.StandardService - Starting service [Tomcat]
2021-06-16 16:27:03.916 [main] INFO  org.apache.catalina.core.StandardEngine - Starting Servlet engine: [Apache Tomcat/9.0.39]
2021-06-16 16:27:04.020 [main] INFO  o.a.c.core.ContainerBase.[Tomcat].[localhost].[/] - Initializing Spring embedded WebApplicationContext
2021-06-16 16:27:04.020 [main] INFO  o.s.b.w.s.c.ServletWebServerApplicationContext - Root WebApplicationContext: initialization completed in 1077 ms
2021-06-16 16:27:04.077 [main] INFO  org.apache.catalina.core.StandardService - Stopping service [Tomcat]
2021-06-16 16:27:04.088 [main] INFO  o.s.b.a.l.ConditionEvaluationReportLoggingListener - 

Error starting ApplicationContext. To display the conditions report re-run your application with 'debug' enabled.
2021-06-16 16:27:20.971 [main] INFO  com.boran.erp.ArchetypeLtPdApplication - Starting ArchetypeLtPdApplication on LAPTOP-M5HOM3R5 with PID 2924 (C:\Users\LT\Desktop\boran_erp\boran_erp-PD\target\classes started by LT in C:\Users\LT\Desktop\boran_erp)
2021-06-16 16:27:20.973 [main] INFO  com.boran.erp.ArchetypeLtPdApplication - No active profile set, falling back to default profiles: default
2021-06-16 16:27:22.066 [main] INFO  o.s.boot.web.embedded.tomcat.TomcatWebServer - Tomcat initialized with port(s): 9090 (http)
2021-06-16 16:27:22.075 [main] INFO  org.apache.coyote.http11.Http11NioProtocol - Initializing ProtocolHandler ["http-nio-9090"]
2021-06-16 16:27:22.076 [main] INFO  org.apache.catalina.core.StandardService - Starting service [Tomcat]
2021-06-16 16:27:22.076 [main] INFO  org.apache.catalina.core.StandardEngine - Starting Servlet engine: [Apache Tomcat/9.0.39]
2021-06-16 16:27:22.193 [main] INFO  o.a.c.core.ContainerBase.[Tomcat].[localhost].[/] - Initializing Spring embedded WebApplicationContext
2021-06-16 16:27:22.194 [main] INFO  o.s.b.w.s.c.ServletWebServerApplicationContext - Root WebApplicationContext: initialization completed in 1170 ms
2021-06-16 16:27:22.270 [main] INFO  org.apache.catalina.core.StandardService - Stopping service [Tomcat]
2021-06-16 16:27:22.288 [main] INFO  o.s.b.a.l.ConditionEvaluationReportLoggingListener - 

Error starting ApplicationContext. To display the conditions report re-run your application with 'debug' enabled.
2021-06-16 16:29:47.471 [main] INFO  com.boran.erp.ArchetypeLtPdApplication - Starting ArchetypeLtPdApplication on LAPTOP-M5HOM3R5 with PID 20300 (C:\Users\LT\Desktop\boran_erp\boran_erp-PD\target\classes started by LT in C:\Users\LT\Desktop\boran_erp)
2021-06-16 16:29:47.473 [main] INFO  com.boran.erp.ArchetypeLtPdApplication - No active profile set, falling back to default profiles: default
2021-06-16 16:29:48.550 [main] INFO  o.s.boot.web.embedded.tomcat.TomcatWebServer - Tomcat initialized with port(s): 9090 (http)
2021-06-16 16:29:48.563 [main] INFO  org.apache.coyote.http11.Http11NioProtocol - Initializing ProtocolHandler ["http-nio-9090"]
2021-06-16 16:29:48.565 [main] INFO  org.apache.catalina.core.StandardService - Starting service [Tomcat]
2021-06-16 16:29:48.566 [main] INFO  org.apache.catalina.core.StandardEngine - Starting Servlet engine: [Apache Tomcat/9.0.39]
2021-06-16 16:29:48.688 [main] INFO  o.a.c.core.ContainerBase.[Tomcat].[localhost].[/] - Initializing Spring embedded WebApplicationContext
2021-06-16 16:29:48.689 [main] INFO  o.s.b.w.s.c.ServletWebServerApplicationContext - Root WebApplicationContext: initialization completed in 1168 ms
2021-06-16 16:29:48.744 [main] INFO  org.apache.catalina.core.StandardService - Stopping service [Tomcat]
2021-06-16 16:29:48.756 [main] INFO  o.s.b.a.l.ConditionEvaluationReportLoggingListener - 

Error starting ApplicationContext. To display the conditions report re-run your application with 'debug' enabled.
2021-06-16 16:30:25.470 [main] INFO  com.boran.erp.ArchetypeLtPdApplication - Starting ArchetypeLtPdApplication on LAPTOP-M5HOM3R5 with PID 17456 (C:\Users\LT\Desktop\boran_erp\boran_erp-PD\target\classes started by LT in C:\Users\LT\Desktop\boran_erp)
2021-06-16 16:30:25.472 [main] INFO  com.boran.erp.ArchetypeLtPdApplication - No active profile set, falling back to default profiles: default
2021-06-16 16:30:26.468 [main] INFO  o.s.boot.web.embedded.tomcat.TomcatWebServer - Tomcat initialized with port(s): 9090 (http)
2021-06-16 16:30:26.476 [main] INFO  org.apache.coyote.http11.Http11NioProtocol - Initializing ProtocolHandler ["http-nio-9090"]
2021-06-16 16:30:26.478 [main] INFO  org.apache.catalina.core.StandardService - Starting service [Tomcat]
2021-06-16 16:30:26.478 [main] INFO  org.apache.catalina.core.StandardEngine - Starting Servlet engine: [Apache Tomcat/9.0.39]
2021-06-16 16:30:26.581 [main] INFO  o.a.c.core.ContainerBase.[Tomcat].[localhost].[/] - Initializing Spring embedded WebApplicationContext
2021-06-16 16:30:26.581 [main] INFO  o.s.b.w.s.c.ServletWebServerApplicationContext - Root WebApplicationContext: initialization completed in 1056 ms
2021-06-16 16:30:26.637 [main] INFO  org.apache.catalina.core.StandardService - Stopping service [Tomcat]
2021-06-16 16:30:26.649 [main] INFO  o.s.b.a.l.ConditionEvaluationReportLoggingListener - 

Error starting ApplicationContext. To display the conditions report re-run your application with 'debug' enabled.
2021-06-16 16:33:36.885 [main] INFO  com.boran.erp.ArchetypeLtPdApplication - Starting ArchetypeLtPdApplication on LAPTOP-M5HOM3R5 with PID 18740 (C:\Users\LT\Desktop\boran_erp\boran_erp-PD\target\classes started by LT in C:\Users\LT\Desktop\boran_erp)
2021-06-16 16:33:36.886 [main] INFO  com.boran.erp.ArchetypeLtPdApplication - No active profile set, falling back to default profiles: default
2021-06-16 16:33:37.919 [main] INFO  o.s.boot.web.embedded.tomcat.TomcatWebServer - Tomcat initialized with port(s): 9090 (http)
2021-06-16 16:33:37.927 [main] INFO  org.apache.coyote.http11.Http11NioProtocol - Initializing ProtocolHandler ["http-nio-9090"]
2021-06-16 16:33:37.928 [main] INFO  org.apache.catalina.core.StandardService - Starting service [Tomcat]
2021-06-16 16:33:37.928 [main] INFO  org.apache.catalina.core.StandardEngine - Starting Servlet engine: [Apache Tomcat/9.0.39]
2021-06-16 16:33:38.029 [main] INFO  o.a.c.core.ContainerBase.[Tomcat].[localhost].[/] - Initializing Spring embedded WebApplicationContext
2021-06-16 16:33:38.030 [main] INFO  o.s.b.w.s.c.ServletWebServerApplicationContext - Root WebApplicationContext: initialization completed in 1101 ms
2021-06-16 16:33:38.091 [main] INFO  org.apache.catalina.core.StandardService - Stopping service [Tomcat]
2021-06-16 16:33:38.102 [main] INFO  o.s.b.a.l.ConditionEvaluationReportLoggingListener - 

Error starting ApplicationContext. To display the conditions report re-run your application with 'debug' enabled.
2021-06-16 16:34:46.440 [main] INFO  com.boran.erp.ArchetypeLtPdApplication - Starting ArchetypeLtPdApplication on LAPTOP-M5HOM3R5 with PID 5596 (C:\Users\LT\Desktop\boran_erp\boran_erp-PD\target\classes started by LT in C:\Users\LT\Desktop\boran_erp)
2021-06-16 16:34:46.442 [main] INFO  com.boran.erp.ArchetypeLtPdApplication - No active profile set, falling back to default profiles: default
2021-06-16 16:34:47.433 [main] INFO  o.s.boot.web.embedded.tomcat.TomcatWebServer - Tomcat initialized with port(s): 9090 (http)
2021-06-16 16:34:47.443 [main] INFO  org.apache.coyote.http11.Http11NioProtocol - Initializing ProtocolHandler ["http-nio-9090"]
2021-06-16 16:34:47.444 [main] INFO  org.apache.catalina.core.StandardService - Starting service [Tomcat]
2021-06-16 16:34:47.444 [main] INFO  org.apache.catalina.core.StandardEngine - Starting Servlet engine: [Apache Tomcat/9.0.39]
2021-06-16 16:34:47.582 [main] INFO  o.a.c.core.ContainerBase.[Tomcat].[localhost].[/] - Initializing Spring embedded WebApplicationContext
2021-06-16 16:34:47.582 [main] INFO  o.s.b.w.s.c.ServletWebServerApplicationContext - Root WebApplicationContext: initialization completed in 1094 ms
2021-06-16 16:34:49.104 [main] INFO  o.s.scheduling.concurrent.ThreadPoolTaskExecutor - Initializing ExecutorService 'applicationTaskExecutor'
2021-06-16 16:34:49.319 [main] INFO  org.apache.coyote.http11.Http11NioProtocol - Starting ProtocolHandler ["http-nio-9090"]
2021-06-16 16:34:49.340 [main] INFO  o.s.boot.web.embedded.tomcat.TomcatWebServer - Tomcat started on port(s): 9090 (http) with context path ''
2021-06-16 16:34:49.348 [main] INFO  com.boran.erp.ArchetypeLtPdApplication - Started ArchetypeLtPdApplication in 3.499 seconds (JVM running for 4.825)
2021-06-16 16:34:49.350 [main] INFO  com.boran.erp.ArchetypeLtPdApplication - 
===============启动成功了===============
2021-06-16 16:35:58.575 [http-nio-9090-exec-1] INFO  o.a.c.core.ContainerBase.[Tomcat].[localhost].[/] - Initializing Spring DispatcherServlet 'dispatcherServlet'
2021-06-16 16:35:58.576 [http-nio-9090-exec-1] INFO  org.springframework.web.servlet.DispatcherServlet - Initializing Servlet 'dispatcherServlet'
2021-06-16 16:35:58.581 [http-nio-9090-exec-1] INFO  org.springframework.web.servlet.DispatcherServlet - Completed initialization in 5 ms
2021-06-16 16:35:58.887 [http-nio-9090-exec-1] INFO  com.zaxxer.hikari.HikariDataSource - HikariPool-1 - Starting...
2021-06-16 16:35:59.920 [http-nio-9090-exec-1] INFO  com.zaxxer.hikari.HikariDataSource - HikariPool-1 - Start completed.
2021-06-16 16:36:25.750 [main] INFO  com.boran.erp.ArchetypeLtPdApplication - Starting ArchetypeLtPdApplication on LAPTOP-M5HOM3R5 with PID 17320 (C:\Users\LT\Desktop\boran_erp\boran_erp-PD\target\classes started by LT in C:\Users\LT\Desktop\boran_erp)
2021-06-16 16:36:25.752 [main] INFO  com.boran.erp.ArchetypeLtPdApplication - No active profile set, falling back to default profiles: default
2021-06-16 16:36:26.850 [main] INFO  o.s.boot.web.embedded.tomcat.TomcatWebServer - Tomcat initialized with port(s): 9090 (http)
2021-06-16 16:36:26.858 [main] INFO  org.apache.coyote.http11.Http11NioProtocol - Initializing ProtocolHandler ["http-nio-9090"]
2021-06-16 16:36:26.859 [main] INFO  org.apache.catalina.core.StandardService - Starting service [Tomcat]
2021-06-16 16:36:26.859 [main] INFO  org.apache.catalina.core.StandardEngine - Starting Servlet engine: [Apache Tomcat/9.0.39]
2021-06-16 16:36:26.963 [main] INFO  o.a.c.core.ContainerBase.[Tomcat].[localhost].[/] - Initializing Spring embedded WebApplicationContext
2021-06-16 16:36:26.963 [main] INFO  o.s.b.w.s.c.ServletWebServerApplicationContext - Root WebApplicationContext: initialization completed in 1158 ms
2021-06-16 16:36:28.404 [main] INFO  o.s.scheduling.concurrent.ThreadPoolTaskExecutor - Initializing ExecutorService 'applicationTaskExecutor'
2021-06-16 16:36:28.626 [main] INFO  org.apache.coyote.http11.Http11NioProtocol - Starting ProtocolHandler ["http-nio-9090"]
2021-06-16 16:36:28.647 [main] INFO  o.s.boot.web.embedded.tomcat.TomcatWebServer - Tomcat started on port(s): 9090 (http) with context path ''
2021-06-16 16:36:28.655 [main] INFO  com.boran.erp.ArchetypeLtPdApplication - Started ArchetypeLtPdApplication in 3.539 seconds (JVM running for 4.813)
2021-06-16 16:36:28.657 [main] INFO  com.boran.erp.ArchetypeLtPdApplication - 
===============启动成功了===============
2021-06-16 16:36:31.168 [http-nio-9090-exec-1] INFO  o.a.c.core.ContainerBase.[Tomcat].[localhost].[/] - Initializing Spring DispatcherServlet 'dispatcherServlet'
2021-06-16 16:36:31.169 [http-nio-9090-exec-1] INFO  org.springframework.web.servlet.DispatcherServlet - Initializing Servlet 'dispatcherServlet'
2021-06-16 16:36:31.176 [http-nio-9090-exec-1] INFO  org.springframework.web.servlet.DispatcherServlet - Completed initialization in 7 ms
2021-06-16 16:36:31.346 [http-nio-9090-exec-1] INFO  com.zaxxer.hikari.HikariDataSource - HikariPool-1 - Starting...
2021-06-16 16:36:32.343 [http-nio-9090-exec-1] INFO  com.zaxxer.hikari.HikariDataSource - HikariPool-1 - Start completed.
2021-06-16 16:37:14.241 [main] INFO  com.boran.erp.ArchetypeLtPdApplication - Starting ArchetypeLtPdApplication on LAPTOP-M5HOM3R5 with PID 20180 (C:\Users\LT\Desktop\boran_erp\boran_erp-PD\target\classes started by LT in C:\Users\LT\Desktop\boran_erp)
2021-06-16 16:37:14.243 [main] INFO  com.boran.erp.ArchetypeLtPdApplication - No active profile set, falling back to default profiles: default
2021-06-16 16:37:15.378 [main] INFO  o.s.boot.web.embedded.tomcat.TomcatWebServer - Tomcat initialized with port(s): 9090 (http)
2021-06-16 16:37:15.399 [main] INFO  org.apache.coyote.http11.Http11NioProtocol - Initializing ProtocolHandler ["http-nio-9090"]
2021-06-16 16:37:15.401 [main] INFO  org.apache.catalina.core.StandardService - Starting service [Tomcat]
2021-06-16 16:37:15.402 [main] INFO  org.apache.catalina.core.StandardEngine - Starting Servlet engine: [Apache Tomcat/9.0.39]
2021-06-16 16:37:15.537 [main] INFO  o.a.c.core.ContainerBase.[Tomcat].[localhost].[/] - Initializing Spring embedded WebApplicationContext
2021-06-16 16:37:15.537 [main] INFO  o.s.b.w.s.c.ServletWebServerApplicationContext - Root WebApplicationContext: initialization completed in 1239 ms
2021-06-16 16:37:17.038 [main] INFO  o.s.scheduling.concurrent.ThreadPoolTaskExecutor - Initializing ExecutorService 'applicationTaskExecutor'
2021-06-16 16:37:17.260 [main] INFO  org.apache.coyote.http11.Http11NioProtocol - Starting ProtocolHandler ["http-nio-9090"]
2021-06-16 16:37:17.279 [main] INFO  o.s.boot.web.embedded.tomcat.TomcatWebServer - Tomcat started on port(s): 9090 (http) with context path ''
2021-06-16 16:37:17.289 [main] INFO  com.boran.erp.ArchetypeLtPdApplication - Started ArchetypeLtPdApplication in 3.616 seconds (JVM running for 4.779)
2021-06-16 16:37:17.291 [main] INFO  com.boran.erp.ArchetypeLtPdApplication - 
===============启动成功了===============
2021-06-16 16:37:19.920 [http-nio-9090-exec-1] INFO  o.a.c.core.ContainerBase.[Tomcat].[localhost].[/] - Initializing Spring DispatcherServlet 'dispatcherServlet'
2021-06-16 16:37:19.920 [http-nio-9090-exec-1] INFO  org.springframework.web.servlet.DispatcherServlet - Initializing Servlet 'dispatcherServlet'
2021-06-16 16:37:19.925 [http-nio-9090-exec-1] INFO  org.springframework.web.servlet.DispatcherServlet - Completed initialization in 5 ms
2021-06-16 16:37:20.087 [http-nio-9090-exec-1] INFO  com.zaxxer.hikari.HikariDataSource - HikariPool-1 - Starting...
2021-06-16 16:37:21.122 [http-nio-9090-exec-1] INFO  com.zaxxer.hikari.HikariDataSource - HikariPool-1 - Start completed.
2021-06-16 16:38:32.127 [main] INFO  com.boran.erp.ArchetypeLtPdApplication - Starting ArchetypeLtPdApplication on LAPTOP-M5HOM3R5 with PID 328 (C:\Users\LT\Desktop\boran_erp\boran_erp-PD\target\classes started by LT in C:\Users\LT\Desktop\boran_erp)
2021-06-16 16:38:32.129 [main] INFO  com.boran.erp.ArchetypeLtPdApplication - No active profile set, falling back to default profiles: default
2021-06-16 16:38:33.047 [main] INFO  o.s.boot.web.embedded.tomcat.TomcatWebServer - Tomcat initialized with port(s): 9090 (http)
2021-06-16 16:38:33.055 [main] INFO  org.apache.coyote.http11.Http11NioProtocol - Initializing ProtocolHandler ["http-nio-9090"]
2021-06-16 16:38:33.056 [main] INFO  org.apache.catalina.core.StandardService - Starting service [Tomcat]
2021-06-16 16:38:33.056 [main] INFO  org.apache.catalina.core.StandardEngine - Starting Servlet engine: [Apache Tomcat/9.0.39]
2021-06-16 16:38:33.167 [main] INFO  o.a.c.core.ContainerBase.[Tomcat].[localhost].[/] - Initializing Spring embedded WebApplicationContext
2021-06-16 16:38:33.168 [main] INFO  o.s.b.w.s.c.ServletWebServerApplicationContext - Root WebApplicationContext: initialization completed in 998 ms
2021-06-16 16:38:34.552 [main] INFO  o.s.scheduling.concurrent.ThreadPoolTaskExecutor - Initializing ExecutorService 'applicationTaskExecutor'
2021-06-16 16:38:34.767 [main] INFO  org.apache.coyote.http11.Http11NioProtocol - Starting ProtocolHandler ["http-nio-9090"]
2021-06-16 16:38:34.786 [main] INFO  o.s.boot.web.embedded.tomcat.TomcatWebServer - Tomcat started on port(s): 9090 (http) with context path ''
2021-06-16 16:38:34.794 [main] INFO  com.boran.erp.ArchetypeLtPdApplication - Started ArchetypeLtPdApplication in 3.316 seconds (JVM running for 4.61)
2021-06-16 16:38:34.796 [main] INFO  com.boran.erp.ArchetypeLtPdApplication - 
===============启动成功了===============
2021-06-16 16:38:37.366 [http-nio-9090-exec-1] INFO  o.a.c.core.ContainerBase.[Tomcat].[localhost].[/] - Initializing Spring DispatcherServlet 'dispatcherServlet'
2021-06-16 16:38:37.366 [http-nio-9090-exec-1] INFO  org.springframework.web.servlet.DispatcherServlet - Initializing Servlet 'dispatcherServlet'
2021-06-16 16:38:37.376 [http-nio-9090-exec-1] INFO  org.springframework.web.servlet.DispatcherServlet - Completed initialization in 10 ms
2021-06-16 16:38:37.531 [http-nio-9090-exec-1] INFO  com.zaxxer.hikari.HikariDataSource - HikariPool-1 - Starting...
2021-06-16 16:38:38.518 [http-nio-9090-exec-1] INFO  com.zaxxer.hikari.HikariDataSource - HikariPool-1 - Start completed.
2021-06-16 16:39:12.086 [main] INFO  com.boran.erp.ArchetypeLtPdApplication - Starting ArchetypeLtPdApplication on LAPTOP-M5HOM3R5 with PID 18576 (C:\Users\LT\Desktop\boran_erp\boran_erp-PD\target\classes started by LT in C:\Users\LT\Desktop\boran_erp)
2021-06-16 16:39:12.090 [main] INFO  com.boran.erp.ArchetypeLtPdApplication - No active profile set, falling back to default profiles: default
2021-06-16 16:39:13.176 [main] INFO  o.s.boot.web.embedded.tomcat.TomcatWebServer - Tomcat initialized with port(s): 9090 (http)
2021-06-16 16:39:13.191 [main] INFO  org.apache.coyote.http11.Http11NioProtocol - Initializing ProtocolHandler ["http-nio-9090"]
2021-06-16 16:39:13.192 [main] INFO  org.apache.catalina.core.StandardService - Starting service [Tomcat]
2021-06-16 16:39:13.193 [main] INFO  org.apache.catalina.core.StandardEngine - Starting Servlet engine: [Apache Tomcat/9.0.39]
2021-06-16 16:39:13.315 [main] INFO  o.a.c.core.ContainerBase.[Tomcat].[localhost].[/] - Initializing Spring embedded WebApplicationContext
2021-06-16 16:39:13.316 [main] INFO  o.s.b.w.s.c.ServletWebServerApplicationContext - Root WebApplicationContext: initialization completed in 1162 ms
2021-06-16 16:39:14.776 [main] INFO  o.s.scheduling.concurrent.ThreadPoolTaskExecutor - Initializing ExecutorService 'applicationTaskExecutor'
2021-06-16 16:39:15.033 [main] INFO  org.apache.coyote.http11.Http11NioProtocol - Starting ProtocolHandler ["http-nio-9090"]
2021-06-16 16:39:15.052 [main] INFO  o.s.boot.web.embedded.tomcat.TomcatWebServer - Tomcat started on port(s): 9090 (http) with context path ''
2021-06-16 16:39:15.060 [main] INFO  com.boran.erp.ArchetypeLtPdApplication - Started ArchetypeLtPdApplication in 3.664 seconds (JVM running for 5.143)
2021-06-16 16:39:15.063 [main] INFO  com.boran.erp.ArchetypeLtPdApplication - 
===============启动成功了===============
2021-06-16 16:39:26.954 [http-nio-9090-exec-1] INFO  o.a.c.core.ContainerBase.[Tomcat].[localhost].[/] - Initializing Spring DispatcherServlet 'dispatcherServlet'
2021-06-16 16:39:26.954 [http-nio-9090-exec-1] INFO  org.springframework.web.servlet.DispatcherServlet - Initializing Servlet 'dispatcherServlet'
2021-06-16 16:39:26.962 [http-nio-9090-exec-1] INFO  org.springframework.web.servlet.DispatcherServlet - Completed initialization in 8 ms
2021-06-16 16:39:27.121 [http-nio-9090-exec-1] INFO  com.zaxxer.hikari.HikariDataSource - HikariPool-1 - Starting...
2021-06-16 16:39:28.204 [http-nio-9090-exec-1] INFO  com.zaxxer.hikari.HikariDataSource - HikariPool-1 - Start completed.
2021-06-16 16:40:47.993 [main] INFO  com.boran.erp.ArchetypeLtPdApplication - Starting ArchetypeLtPdApplication on LAPTOP-M5HOM3R5 with PID 17444 (C:\Users\LT\Desktop\boran_erp\boran_erp-PD\target\classes started by LT in C:\Users\LT\Desktop\boran_erp)
2021-06-16 16:40:47.994 [main] INFO  com.boran.erp.ArchetypeLtPdApplication - No active profile set, falling back to default profiles: default
2021-06-16 16:40:49.053 [main] INFO  o.s.boot.web.embedded.tomcat.TomcatWebServer - Tomcat initialized with port(s): 9090 (http)
2021-06-16 16:40:49.061 [main] INFO  org.apache.coyote.http11.Http11NioProtocol - Initializing ProtocolHandler ["http-nio-9090"]
2021-06-16 16:40:49.062 [main] INFO  org.apache.catalina.core.StandardService - Starting service [Tomcat]
2021-06-16 16:40:49.062 [main] INFO  org.apache.catalina.core.StandardEngine - Starting Servlet engine: [Apache Tomcat/9.0.39]
2021-06-16 16:40:49.185 [main] INFO  o.a.c.core.ContainerBase.[Tomcat].[localhost].[/] - Initializing Spring embedded WebApplicationContext
2021-06-16 16:40:49.185 [main] INFO  o.s.b.w.s.c.ServletWebServerApplicationContext - Root WebApplicationContext: initialization completed in 1145 ms
2021-06-16 16:40:50.555 [main] INFO  o.s.scheduling.concurrent.ThreadPoolTaskExecutor - Initializing ExecutorService 'applicationTaskExecutor'
2021-06-16 16:40:50.779 [main] INFO  org.apache.coyote.http11.Http11NioProtocol - Starting ProtocolHandler ["http-nio-9090"]
2021-06-16 16:40:50.823 [main] INFO  o.s.boot.web.embedded.tomcat.TomcatWebServer - Tomcat started on port(s): 9090 (http) with context path ''
2021-06-16 16:40:50.833 [main] INFO  com.boran.erp.ArchetypeLtPdApplication - Started ArchetypeLtPdApplication in 3.424 seconds (JVM running for 4.682)
2021-06-16 16:40:50.835 [main] INFO  com.boran.erp.ArchetypeLtPdApplication - 
===============启动成功了===============
2021-06-16 16:40:53.977 [http-nio-9090-exec-1] INFO  o.a.c.core.ContainerBase.[Tomcat].[localhost].[/] - Initializing Spring DispatcherServlet 'dispatcherServlet'
2021-06-16 16:40:53.978 [http-nio-9090-exec-1] INFO  org.springframework.web.servlet.DispatcherServlet - Initializing Servlet 'dispatcherServlet'
2021-06-16 16:40:53.983 [http-nio-9090-exec-1] INFO  org.springframework.web.servlet.DispatcherServlet - Completed initialization in 5 ms
2021-06-16 16:40:54.139 [http-nio-9090-exec-1] INFO  com.zaxxer.hikari.HikariDataSource - HikariPool-1 - Starting...
2021-06-16 16:40:55.148 [http-nio-9090-exec-1] INFO  com.zaxxer.hikari.HikariDataSource - HikariPool-1 - Start completed.
2021-06-16 16:44:12.454 [main] INFO  com.boran.erp.ArchetypeLtPdApplication - Starting ArchetypeLtPdApplication on LAPTOP-M5HOM3R5 with PID 17064 (C:\Users\LT\Desktop\boran_erp\boran_erp-PD\target\classes started by LT in C:\Users\LT\Desktop\boran_erp)
2021-06-16 16:44:12.456 [main] INFO  com.boran.erp.ArchetypeLtPdApplication - No active profile set, falling back to default profiles: default
2021-06-16 16:44:13.413 [main] INFO  o.s.boot.web.embedded.tomcat.TomcatWebServer - Tomcat initialized with port(s): 9090 (http)
2021-06-16 16:44:13.421 [main] INFO  org.apache.coyote.http11.Http11NioProtocol - Initializing ProtocolHandler ["http-nio-9090"]
2021-06-16 16:44:13.422 [main] INFO  org.apache.catalina.core.StandardService - Starting service [Tomcat]
2021-06-16 16:44:13.422 [main] INFO  org.apache.catalina.core.StandardEngine - Starting Servlet engine: [Apache Tomcat/9.0.39]
2021-06-16 16:44:13.527 [main] INFO  o.a.c.core.ContainerBase.[Tomcat].[localhost].[/] - Initializing Spring embedded WebApplicationContext
2021-06-16 16:44:13.527 [main] INFO  o.s.b.w.s.c.ServletWebServerApplicationContext - Root WebApplicationContext: initialization completed in 1018 ms
2021-06-16 16:44:14.942 [main] INFO  o.s.scheduling.concurrent.ThreadPoolTaskExecutor - Initializing ExecutorService 'applicationTaskExecutor'
2021-06-16 16:44:15.162 [main] INFO  org.apache.coyote.http11.Http11NioProtocol - Starting ProtocolHandler ["http-nio-9090"]
2021-06-16 16:44:15.181 [main] INFO  o.s.boot.web.embedded.tomcat.TomcatWebServer - Tomcat started on port(s): 9090 (http) with context path ''
2021-06-16 16:44:15.191 [main] INFO  com.boran.erp.ArchetypeLtPdApplication - Started ArchetypeLtPdApplication in 3.441 seconds (JVM running for 4.831)
2021-06-16 16:44:15.194 [main] INFO  com.boran.erp.ArchetypeLtPdApplication - 
===============启动成功了===============
2021-06-16 16:44:26.433 [http-nio-9090-exec-1] INFO  o.a.c.core.ContainerBase.[Tomcat].[localhost].[/] - Initializing Spring DispatcherServlet 'dispatcherServlet'
2021-06-16 16:44:26.434 [http-nio-9090-exec-1] INFO  org.springframework.web.servlet.DispatcherServlet - Initializing Servlet 'dispatcherServlet'
2021-06-16 16:44:26.439 [http-nio-9090-exec-1] INFO  org.springframework.web.servlet.DispatcherServlet - Completed initialization in 5 ms
2021-06-16 16:44:26.600 [http-nio-9090-exec-1] INFO  com.zaxxer.hikari.HikariDataSource - HikariPool-1 - Starting...
2021-06-16 16:44:27.670 [http-nio-9090-exec-1] INFO  com.zaxxer.hikari.HikariDataSource - HikariPool-1 - Start completed.
2021-06-16 16:50:52.922 [main] INFO  com.boran.erp.ArchetypeLtPdApplication - Starting ArchetypeLtPdApplication on LAPTOP-M5HOM3R5 with PID 18244 (C:\Users\LT\Desktop\boran_erp\boran_erp-PD\target\classes started by LT in C:\Users\LT\Desktop\boran_erp)
2021-06-16 16:50:52.923 [main] INFO  com.boran.erp.ArchetypeLtPdApplication - No active profile set, falling back to default profiles: default
2021-06-16 16:50:53.987 [main] INFO  o.s.boot.web.embedded.tomcat.TomcatWebServer - Tomcat initialized with port(s): 9090 (http)
2021-06-16 16:50:53.996 [main] INFO  org.apache.coyote.http11.Http11NioProtocol - Initializing ProtocolHandler ["http-nio-9090"]
2021-06-16 16:50:53.996 [main] INFO  org.apache.catalina.core.StandardService - Starting service [Tomcat]
2021-06-16 16:50:53.997 [main] INFO  org.apache.catalina.core.StandardEngine - Starting Servlet engine: [Apache Tomcat/9.0.39]
2021-06-16 16:50:54.097 [main] INFO  o.a.c.core.ContainerBase.[Tomcat].[localhost].[/] - Initializing Spring embedded WebApplicationContext
2021-06-16 16:50:54.098 [main] INFO  o.s.b.w.s.c.ServletWebServerApplicationContext - Root WebApplicationContext: initialization completed in 1130 ms
2021-06-16 16:50:55.520 [main] INFO  o.s.scheduling.concurrent.ThreadPoolTaskExecutor - Initializing ExecutorService 'applicationTaskExecutor'
2021-06-16 16:50:55.765 [main] INFO  org.apache.coyote.http11.Http11NioProtocol - Starting ProtocolHandler ["http-nio-9090"]
2021-06-16 16:50:55.784 [main] INFO  o.s.boot.web.embedded.tomcat.TomcatWebServer - Tomcat started on port(s): 9090 (http) with context path ''
2021-06-16 16:50:55.792 [main] INFO  com.boran.erp.ArchetypeLtPdApplication - Started ArchetypeLtPdApplication in 3.58 seconds (JVM running for 4.803)
2021-06-16 16:50:55.795 [main] INFO  com.boran.erp.ArchetypeLtPdApplication - 
===============启动成功了===============
2021-06-16 16:50:58.546 [http-nio-9090-exec-1] INFO  o.a.c.core.ContainerBase.[Tomcat].[localhost].[/] - Initializing Spring DispatcherServlet 'dispatcherServlet'
2021-06-16 16:50:58.546 [http-nio-9090-exec-1] INFO  org.springframework.web.servlet.DispatcherServlet - Initializing Servlet 'dispatcherServlet'
2021-06-16 16:50:58.551 [http-nio-9090-exec-1] INFO  org.springframework.web.servlet.DispatcherServlet - Completed initialization in 4 ms
2021-06-16 16:50:58.711 [http-nio-9090-exec-1] INFO  com.zaxxer.hikari.HikariDataSource - HikariPool-1 - Starting...
2021-06-16 16:50:59.722 [http-nio-9090-exec-1] INFO  com.zaxxer.hikari.HikariDataSource - HikariPool-1 - Start completed.
2021-06-16 17:10:45.128 [main] INFO  com.boran.erp.ArchetypeLtPdApplication - Starting ArchetypeLtPdApplication on LAPTOP-M5HOM3R5 with PID 2308 (C:\Users\LT\Desktop\boran_erp\boran_erp-PD\target\classes started by LT in C:\Users\LT\Desktop\boran_erp)
2021-06-16 17:10:45.131 [main] INFO  com.boran.erp.ArchetypeLtPdApplication - No active profile set, falling back to default profiles: default
2021-06-16 17:10:46.247 [main] INFO  o.s.b.a.l.ConditionEvaluationReportLoggingListener - 

Error starting ApplicationContext. To display the conditions report re-run your application with 'debug' enabled.
2021-06-16 17:12:30.701 [main] INFO  com.boran.erp.ArchetypeLtPdApplication - Starting ArchetypeLtPdApplication on LAPTOP-M5HOM3R5 with PID 17064 (C:\Users\LT\Desktop\boran_erp\boran_erp-PD\target\classes started by LT in C:\Users\LT\Desktop\boran_erp)
2021-06-16 17:12:30.702 [main] INFO  com.boran.erp.ArchetypeLtPdApplication - No active profile set, falling back to default profiles: default
2021-06-16 17:12:32.554 [main] INFO  o.s.boot.web.embedded.tomcat.TomcatWebServer - Tomcat initialized with port(s): 9090 (http)
2021-06-16 17:12:32.564 [main] INFO  org.apache.coyote.http11.Http11NioProtocol - Initializing ProtocolHandler ["http-nio-9090"]
2021-06-16 17:12:32.565 [main] INFO  org.apache.catalina.core.StandardService - Starting service [Tomcat]
2021-06-16 17:12:32.565 [main] INFO  org.apache.catalina.core.StandardEngine - Starting Servlet engine: [Apache Tomcat/9.0.39]
2021-06-16 17:12:32.709 [main] INFO  o.a.c.core.ContainerBase.[Tomcat].[localhost].[/] - Initializing Spring embedded WebApplicationContext
2021-06-16 17:12:32.710 [main] INFO  o.s.b.w.s.c.ServletWebServerApplicationContext - Root WebApplicationContext: initialization completed in 1932 ms
2021-06-16 17:12:34.672 [main] INFO  s.d.s.w.WebMvcPropertySourcedRequestMappingHandlerMapping - Mapped URL path [/v2/api-docs] onto method [springfox.documentation.swagger2.web.Swagger2ControllerWebMvc#getDocumentation(String, HttpServletRequest)]
2021-06-16 17:12:34.752 [main] INFO  o.s.scheduling.concurrent.ThreadPoolTaskExecutor - Initializing ExecutorService 'applicationTaskExecutor'
2021-06-16 17:12:34.929 [main] INFO  org.apache.coyote.http11.Http11NioProtocol - Starting ProtocolHandler ["http-nio-9090"]
2021-06-16 17:12:34.954 [main] INFO  o.s.boot.web.embedded.tomcat.TomcatWebServer - Tomcat started on port(s): 9090 (http) with context path ''
2021-06-16 17:12:34.955 [main] INFO  s.d.s.web.plugins.DocumentationPluginsBootstrapper - Documentation plugins bootstrapped
2021-06-16 17:12:34.958 [main] INFO  s.d.s.web.plugins.DocumentationPluginsBootstrapper - Found 1 custom documentation plugin(s)
2021-06-16 17:12:34.987 [main] INFO  s.d.spring.web.scanners.ApiListingReferenceScanner - Scanning for api listing references
2021-06-16 17:12:35.095 [main] INFO  com.boran.erp.ArchetypeLtPdApplication - Started ArchetypeLtPdApplication in 5.021 seconds (JVM running for 6.383)
2021-06-16 17:12:35.097 [main] INFO  com.boran.erp.ArchetypeLtPdApplication - 
===============启动成功了===============
2021-06-16 17:17:16.035 [main] INFO  com.boran.erp.ArchetypeLtPdApplication - Starting ArchetypeLtPdApplication on LAPTOP-M5HOM3R5 with PID 20456 (C:\Users\LT\Desktop\boran_erp\boran_erp-PD\target\classes started by LT in C:\Users\LT\Desktop\boran_erp)
2021-06-16 17:17:16.036 [main] INFO  com.boran.erp.ArchetypeLtPdApplication - No active profile set, falling back to default profiles: default
2021-06-16 17:17:17.152 [main] INFO  o.s.boot.web.embedded.tomcat.TomcatWebServer - Tomcat initialized with port(s): 9090 (http)
2021-06-16 17:17:17.163 [main] INFO  org.apache.coyote.http11.Http11NioProtocol - Initializing ProtocolHandler ["http-nio-9090"]
2021-06-16 17:17:17.163 [main] INFO  org.apache.catalina.core.StandardService - Starting service [Tomcat]
2021-06-16 17:17:17.163 [main] INFO  org.apache.catalina.core.StandardEngine - Starting Servlet engine: [Apache Tomcat/9.0.39]
2021-06-16 17:17:17.283 [main] INFO  o.a.c.core.ContainerBase.[Tomcat].[localhost].[/] - Initializing Spring embedded WebApplicationContext
2021-06-16 17:17:17.283 [main] INFO  o.s.b.w.s.c.ServletWebServerApplicationContext - Root WebApplicationContext: initialization completed in 1210 ms
2021-06-16 17:17:18.878 [main] INFO  s.d.s.w.WebMvcPropertySourcedRequestMappingHandlerMapping - Mapped URL path [/v2/api-docs] onto method [springfox.documentation.swagger2.web.Swagger2ControllerWebMvc#getDocumentation(String, HttpServletRequest)]
2021-06-16 17:17:18.943 [main] INFO  o.s.scheduling.concurrent.ThreadPoolTaskExecutor - Initializing ExecutorService 'applicationTaskExecutor'
2021-06-16 17:17:19.072 [main] INFO  org.apache.coyote.http11.Http11NioProtocol - Starting ProtocolHandler ["http-nio-9090"]
2021-06-16 17:17:19.097 [main] INFO  o.s.boot.web.embedded.tomcat.TomcatWebServer - Tomcat started on port(s): 9090 (http) with context path ''
2021-06-16 17:17:19.098 [main] INFO  s.d.s.web.plugins.DocumentationPluginsBootstrapper - Documentation plugins bootstrapped
2021-06-16 17:17:19.101 [main] INFO  s.d.s.web.plugins.DocumentationPluginsBootstrapper - Found 1 custom documentation plugin(s)
2021-06-16 17:17:19.127 [main] INFO  s.d.spring.web.scanners.ApiListingReferenceScanner - Scanning for api listing references
2021-06-16 17:17:19.226 [main] INFO  com.boran.erp.ArchetypeLtPdApplication - Started ArchetypeLtPdApplication in 3.659 seconds (JVM running for 5.215)
2021-06-16 17:17:19.228 [main] INFO  com.boran.erp.ArchetypeLtPdApplication - 
===============启动成功了===============
2021-06-16 17:20:05.144 [main] INFO  com.boran.erp.ArchetypeLtPdApplication - Starting ArchetypeLtPdApplication on LAPTOP-M5HOM3R5 with PID 19800 (C:\Users\LT\Desktop\boran_erp\boran_erp-PD\target\classes started by LT in C:\Users\LT\Desktop\boran_erp)
2021-06-16 17:20:05.145 [main] INFO  com.boran.erp.ArchetypeLtPdApplication - No active profile set, falling back to default profiles: default
2021-06-16 17:20:06.434 [main] INFO  o.s.boot.web.embedded.tomcat.TomcatWebServer - Tomcat initialized with port(s): 9090 (http)
2021-06-16 17:20:06.443 [main] INFO  org.apache.coyote.http11.Http11NioProtocol - Initializing ProtocolHandler ["http-nio-9090"]
2021-06-16 17:20:06.443 [main] INFO  org.apache.catalina.core.StandardService - Starting service [Tomcat]
2021-06-16 17:20:06.444 [main] INFO  org.apache.catalina.core.StandardEngine - Starting Servlet engine: [Apache Tomcat/9.0.39]
2021-06-16 17:20:06.574 [main] INFO  o.a.c.core.ContainerBase.[Tomcat].[localhost].[/] - Initializing Spring embedded WebApplicationContext
2021-06-16 17:20:06.574 [main] INFO  o.s.b.w.s.c.ServletWebServerApplicationContext - Root WebApplicationContext: initialization completed in 1374 ms
2021-06-16 17:20:08.230 [main] INFO  s.d.s.w.WebMvcPropertySourcedRequestMappingHandlerMapping - Mapped URL path [/v2/api-docs] onto method [springfox.documentation.swagger2.web.Swagger2ControllerWebMvc#getDocumentation(String, HttpServletRequest)]
2021-06-16 17:20:08.299 [main] INFO  o.s.scheduling.concurrent.ThreadPoolTaskExecutor - Initializing ExecutorService 'applicationTaskExecutor'
2021-06-16 17:20:08.428 [main] INFO  org.apache.coyote.http11.Http11NioProtocol - Starting ProtocolHandler ["http-nio-9090"]
2021-06-16 17:20:08.450 [main] INFO  o.s.boot.web.embedded.tomcat.TomcatWebServer - Tomcat started on port(s): 9090 (http) with context path ''
2021-06-16 17:20:08.451 [main] INFO  s.d.s.web.plugins.DocumentationPluginsBootstrapper - Documentation plugins bootstrapped
2021-06-16 17:20:08.455 [main] INFO  s.d.s.web.plugins.DocumentationPluginsBootstrapper - Found 1 custom documentation plugin(s)
2021-06-16 17:20:08.484 [main] INFO  s.d.spring.web.scanners.ApiListingReferenceScanner - Scanning for api listing references
2021-06-16 17:20:08.593 [main] INFO  com.boran.erp.ArchetypeLtPdApplication - Started ArchetypeLtPdApplication in 4.03 seconds (JVM running for 5.324)
2021-06-16 17:20:08.595 [main] INFO  com.boran.erp.ArchetypeLtPdApplication - 
===============启动成功了===============
2021-06-16 17:25:30.123 [main] INFO  com.boran.erp.ArchetypeLtPdApplication - Starting ArchetypeLtPdApplication on LAPTOP-M5HOM3R5 with PID 20464 (C:\Users\LT\Desktop\boran_erp\boran_erp-PD\target\classes started by LT in C:\Users\LT\Desktop\boran_erp)
2021-06-16 17:25:30.127 [main] INFO  com.boran.erp.ArchetypeLtPdApplication - No active profile set, falling back to default profiles: default
2021-06-16 17:25:32.348 [main] INFO  o.s.boot.web.embedded.tomcat.TomcatWebServer - Tomcat initialized with port(s): 9090 (http)
2021-06-16 17:25:32.357 [main] INFO  org.apache.coyote.http11.Http11NioProtocol - Initializing ProtocolHandler ["http-nio-9090"]
2021-06-16 17:25:32.357 [main] INFO  org.apache.catalina.core.StandardService - Starting service [Tomcat]
2021-06-16 17:25:32.358 [main] INFO  org.apache.catalina.core.StandardEngine - Starting Servlet engine: [Apache Tomcat/9.0.39]
2021-06-16 17:25:32.508 [main] INFO  o.a.c.core.ContainerBase.[Tomcat].[localhost].[/] - Initializing Spring embedded WebApplicationContext
2021-06-16 17:25:32.509 [main] INFO  o.s.b.w.s.c.ServletWebServerApplicationContext - Root WebApplicationContext: initialization completed in 2317 ms
2021-06-16 17:25:34.319 [main] INFO  s.d.s.w.WebMvcPropertySourcedRequestMappingHandlerMapping - Mapped URL path [/v2/api-docs] onto method [springfox.documentation.swagger2.web.Swagger2ControllerWebMvc#getDocumentation(String, HttpServletRequest)]
2021-06-16 17:25:34.421 [main] INFO  o.s.scheduling.concurrent.ThreadPoolTaskExecutor - Initializing ExecutorService 'applicationTaskExecutor'
2021-06-16 17:25:34.579 [main] INFO  org.apache.coyote.http11.Http11NioProtocol - Starting ProtocolHandler ["http-nio-9090"]
2021-06-16 17:25:34.609 [main] INFO  o.s.boot.web.embedded.tomcat.TomcatWebServer - Tomcat started on port(s): 9090 (http) with context path ''
2021-06-16 17:25:34.612 [main] INFO  s.d.s.web.plugins.DocumentationPluginsBootstrapper - Documentation plugins bootstrapped
2021-06-16 17:25:34.616 [main] INFO  s.d.s.web.plugins.DocumentationPluginsBootstrapper - Found 1 custom documentation plugin(s)
2021-06-16 17:25:34.656 [main] INFO  s.d.spring.web.scanners.ApiListingReferenceScanner - Scanning for api listing references
2021-06-16 17:25:34.835 [main] INFO  com.boran.erp.ArchetypeLtPdApplication - Started ArchetypeLtPdApplication in 5.996 seconds (JVM running for 9.211)
2021-06-16 17:25:34.841 [main] INFO  com.boran.erp.ArchetypeLtPdApplication - 
===============启动成功了===============
2021-06-16 17:26:20.753 [http-nio-9090-exec-1] INFO  o.a.c.core.ContainerBase.[Tomcat].[localhost].[/] - Initializing Spring DispatcherServlet 'dispatcherServlet'
2021-06-16 17:26:20.754 [http-nio-9090-exec-1] INFO  org.springframework.web.servlet.DispatcherServlet - Initializing Servlet 'dispatcherServlet'
2021-06-16 17:26:20.789 [http-nio-9090-exec-1] INFO  org.springframework.web.servlet.DispatcherServlet - Completed initialization in 35 ms
2021-06-16 17:27:26.759 [main] INFO  com.boran.erp.ArchetypeLtPdApplication - Starting ArchetypeLtPdApplication on LAPTOP-M5HOM3R5 with PID 17876 (C:\Users\LT\Desktop\boran_erp\boran_erp-PD\target\classes started by LT in C:\Users\LT\Desktop\boran_erp)
2021-06-16 17:27:26.760 [main] INFO  com.boran.erp.ArchetypeLtPdApplication - No active profile set, falling back to default profiles: default
2021-06-16 17:27:28.237 [main] INFO  o.s.boot.web.embedded.tomcat.TomcatWebServer - Tomcat initialized with port(s): 9090 (http)
2021-06-16 17:27:28.245 [main] INFO  org.apache.coyote.http11.Http11NioProtocol - Initializing ProtocolHandler ["http-nio-9090"]
2021-06-16 17:27:28.246 [main] INFO  org.apache.catalina.core.StandardService - Starting service [Tomcat]
2021-06-16 17:27:28.246 [main] INFO  org.apache.catalina.core.StandardEngine - Starting Servlet engine: [Apache Tomcat/9.0.39]
2021-06-16 17:27:28.363 [main] INFO  o.a.c.core.ContainerBase.[Tomcat].[localhost].[/] - Initializing Spring embedded WebApplicationContext
2021-06-16 17:27:28.363 [main] INFO  o.s.b.w.s.c.ServletWebServerApplicationContext - Root WebApplicationContext: initialization completed in 1527 ms
2021-06-16 17:27:29.969 [main] INFO  s.d.s.w.WebMvcPropertySourcedRequestMappingHandlerMapping - Mapped URL path [/v2/api-docs] onto method [springfox.documentation.swagger2.web.Swagger2ControllerWebMvc#getDocumentation(String, HttpServletRequest)]
2021-06-16 17:27:30.037 [main] INFO  o.s.scheduling.concurrent.ThreadPoolTaskExecutor - Initializing ExecutorService 'applicationTaskExecutor'
2021-06-16 17:27:30.168 [main] INFO  org.apache.coyote.http11.Http11NioProtocol - Starting ProtocolHandler ["http-nio-9090"]
2021-06-16 17:27:30.188 [main] INFO  o.s.boot.web.embedded.tomcat.TomcatWebServer - Tomcat started on port(s): 9090 (http) with context path ''
2021-06-16 17:27:30.190 [main] INFO  s.d.s.web.plugins.DocumentationPluginsBootstrapper - Documentation plugins bootstrapped
2021-06-16 17:27:30.192 [main] INFO  s.d.s.web.plugins.DocumentationPluginsBootstrapper - Found 1 custom documentation plugin(s)
2021-06-16 17:27:30.217 [main] INFO  s.d.spring.web.scanners.ApiListingReferenceScanner - Scanning for api listing references
2021-06-16 17:27:30.325 [main] INFO  com.boran.erp.ArchetypeLtPdApplication - Started ArchetypeLtPdApplication in 4.228 seconds (JVM running for 5.49)
2021-06-16 17:27:30.328 [main] INFO  com.boran.erp.ArchetypeLtPdApplication - 
===============启动成功了===============
2021-06-16 17:27:34.417 [http-nio-9090-exec-1] INFO  o.a.c.core.ContainerBase.[Tomcat].[localhost].[/] - Initializing Spring DispatcherServlet 'dispatcherServlet'
2021-06-16 17:27:34.418 [http-nio-9090-exec-1] INFO  org.springframework.web.servlet.DispatcherServlet - Initializing Servlet 'dispatcherServlet'
2021-06-16 17:27:34.423 [http-nio-9090-exec-1] INFO  org.springframework.web.servlet.DispatcherServlet - Completed initialization in 5 ms
2021-06-16 17:36:38.524 [main] INFO  com.boran.erp.ArchetypeLtPdApplication - Starting ArchetypeLtPdApplication on LAPTOP-M5HOM3R5 with PID 20092 (C:\Users\LT\Desktop\boran_erp\boran_erp-PD\target\classes started by LT in C:\Users\LT\Desktop\boran_erp)
2021-06-16 17:36:38.525 [main] INFO  com.boran.erp.ArchetypeLtPdApplication - No active profile set, falling back to default profiles: default
2021-06-16 17:36:39.857 [main] INFO  o.s.boot.web.embedded.tomcat.TomcatWebServer - Tomcat initialized with port(s): 9090 (http)
2021-06-16 17:36:39.865 [main] INFO  org.apache.coyote.http11.Http11NioProtocol - Initializing ProtocolHandler ["http-nio-9090"]
2021-06-16 17:36:39.866 [main] INFO  org.apache.catalina.core.StandardService - Starting service [Tomcat]
2021-06-16 17:36:39.866 [main] INFO  org.apache.catalina.core.StandardEngine - Starting Servlet engine: [Apache Tomcat/9.0.39]
2021-06-16 17:36:39.989 [main] INFO  o.a.c.core.ContainerBase.[Tomcat].[localhost].[/] - Initializing Spring embedded WebApplicationContext
2021-06-16 17:36:39.989 [main] INFO  o.s.b.w.s.c.ServletWebServerApplicationContext - Root WebApplicationContext: initialization completed in 1415 ms
2021-06-16 17:36:41.598 [main] INFO  s.d.s.w.WebMvcPropertySourcedRequestMappingHandlerMapping - Mapped URL path [/v2/api-docs] onto method [springfox.documentation.swagger2.web.Swagger2ControllerWebMvc#getDocumentation(String, HttpServletRequest)]
2021-06-16 17:36:41.668 [main] INFO  o.s.scheduling.concurrent.ThreadPoolTaskExecutor - Initializing ExecutorService 'applicationTaskExecutor'
2021-06-16 17:36:41.795 [main] INFO  org.apache.coyote.http11.Http11NioProtocol - Starting ProtocolHandler ["http-nio-9090"]
2021-06-16 17:36:41.815 [main] INFO  o.s.boot.web.embedded.tomcat.TomcatWebServer - Tomcat started on port(s): 9090 (http) with context path ''
2021-06-16 17:36:41.817 [main] INFO  s.d.s.web.plugins.DocumentationPluginsBootstrapper - Documentation plugins bootstrapped
2021-06-16 17:36:41.819 [main] INFO  s.d.s.web.plugins.DocumentationPluginsBootstrapper - Found 1 custom documentation plugin(s)
2021-06-16 17:36:41.844 [main] INFO  s.d.spring.web.scanners.ApiListingReferenceScanner - Scanning for api listing references
2021-06-16 17:36:41.957 [main] INFO  com.boran.erp.ArchetypeLtPdApplication - Started ArchetypeLtPdApplication in 4.066 seconds (JVM running for 5.463)
2021-06-16 17:36:41.959 [main] INFO  com.boran.erp.ArchetypeLtPdApplication - 
===============启动成功了===============
2021-06-16 17:37:02.738 [http-nio-9090-exec-1] INFO  o.a.c.core.ContainerBase.[Tomcat].[localhost].[/] - Initializing Spring DispatcherServlet 'dispatcherServlet'
2021-06-16 17:37:02.738 [http-nio-9090-exec-1] INFO  org.springframework.web.servlet.DispatcherServlet - Initializing Servlet 'dispatcherServlet'
2021-06-16 17:37:02.747 [http-nio-9090-exec-1] INFO  org.springframework.web.servlet.DispatcherServlet - Completed initialization in 8 ms
2021-06-16 17:38:39.160 [main] INFO  com.boran.erp.ArchetypeLtPdApplication - Starting ArchetypeLtPdApplication on LAPTOP-M5HOM3R5 with PID 13224 (C:\Users\LT\Desktop\boran_erp\boran_erp-PD\target\classes started by LT in C:\Users\LT\Desktop\boran_erp)
2021-06-16 17:38:39.162 [main] INFO  com.boran.erp.ArchetypeLtPdApplication - No active profile set, falling back to default profiles: default
2021-06-16 17:38:40.673 [main] INFO  o.s.boot.web.embedded.tomcat.TomcatWebServer - Tomcat initialized with port(s): 9090 (http)
2021-06-16 17:38:40.682 [main] INFO  org.apache.coyote.http11.Http11NioProtocol - Initializing ProtocolHandler ["http-nio-9090"]
2021-06-16 17:38:40.683 [main] INFO  org.apache.catalina.core.StandardService - Starting service [Tomcat]
2021-06-16 17:38:40.683 [main] INFO  org.apache.catalina.core.StandardEngine - Starting Servlet engine: [Apache Tomcat/9.0.39]
2021-06-16 17:38:40.854 [main] INFO  o.a.c.core.ContainerBase.[Tomcat].[localhost].[/] - Initializing Spring embedded WebApplicationContext
2021-06-16 17:38:40.855 [main] INFO  o.s.b.w.s.c.ServletWebServerApplicationContext - Root WebApplicationContext: initialization completed in 1648 ms
2021-06-16 17:38:42.612 [main] INFO  s.d.s.w.WebMvcPropertySourcedRequestMappingHandlerMapping - Mapped URL path [/v2/api-docs] onto method [springfox.documentation.swagger2.web.Swagger2ControllerWebMvc#getDocumentation(String, HttpServletRequest)]
2021-06-16 17:38:42.689 [main] INFO  o.s.scheduling.concurrent.ThreadPoolTaskExecutor - Initializing ExecutorService 'applicationTaskExecutor'
2021-06-16 17:38:42.844 [main] INFO  org.apache.coyote.http11.Http11NioProtocol - Starting ProtocolHandler ["http-nio-9090"]
2021-06-16 17:38:42.866 [main] INFO  o.s.boot.web.embedded.tomcat.TomcatWebServer - Tomcat started on port(s): 9090 (http) with context path ''
2021-06-16 17:38:42.867 [main] INFO  s.d.s.web.plugins.DocumentationPluginsBootstrapper - Documentation plugins bootstrapped
2021-06-16 17:38:42.869 [main] INFO  s.d.s.web.plugins.DocumentationPluginsBootstrapper - Found 1 custom documentation plugin(s)
2021-06-16 17:38:42.897 [main] INFO  s.d.spring.web.scanners.ApiListingReferenceScanner - Scanning for api listing references
2021-06-16 17:38:43.004 [main] INFO  com.boran.erp.ArchetypeLtPdApplication - Started ArchetypeLtPdApplication in 4.522 seconds (JVM running for 6.024)
2021-06-16 17:38:43.006 [main] INFO  com.boran.erp.ArchetypeLtPdApplication - 
===============启动成功了===============
2021-06-16 17:38:45.561 [http-nio-9090-exec-1] INFO  o.a.c.core.ContainerBase.[Tomcat].[localhost].[/] - Initializing Spring DispatcherServlet 'dispatcherServlet'
2021-06-16 17:38:45.562 [http-nio-9090-exec-1] INFO  org.springframework.web.servlet.DispatcherServlet - Initializing Servlet 'dispatcherServlet'
2021-06-16 17:38:45.572 [http-nio-9090-exec-1] INFO  org.springframework.web.servlet.DispatcherServlet - Completed initialization in 10 ms
2021-06-16 17:39:30.446 [main] INFO  com.boran.erp.ArchetypeLtPdApplication - Starting ArchetypeLtPdApplication on LAPTOP-M5HOM3R5 with PID 18400 (C:\Users\LT\Desktop\boran_erp\boran_erp-PD\target\classes started by LT in C:\Users\LT\Desktop\boran_erp)
2021-06-16 17:39:30.449 [main] INFO  com.boran.erp.ArchetypeLtPdApplication - No active profile set, falling back to default profiles: default
2021-06-16 17:39:32.341 [main] INFO  o.s.boot.web.embedded.tomcat.TomcatWebServer - Tomcat initialized with port(s): 9090 (http)
2021-06-16 17:39:32.351 [main] INFO  org.apache.coyote.http11.Http11NioProtocol - Initializing ProtocolHandler ["http-nio-9090"]
2021-06-16 17:39:32.352 [main] INFO  org.apache.catalina.core.StandardService - Starting service [Tomcat]
2021-06-16 17:39:32.352 [main] INFO  org.apache.catalina.core.StandardEngine - Starting Servlet engine: [Apache Tomcat/9.0.39]
2021-06-16 17:39:32.493 [main] INFO  o.a.c.core.ContainerBase.[Tomcat].[localhost].[/] - Initializing Spring embedded WebApplicationContext
2021-06-16 17:39:32.494 [main] INFO  o.s.b.w.s.c.ServletWebServerApplicationContext - Root WebApplicationContext: initialization completed in 1979 ms
2021-06-16 17:39:34.135 [main] INFO  s.d.s.w.WebMvcPropertySourcedRequestMappingHandlerMapping - Mapped URL path [/v2/api-docs] onto method [springfox.documentation.swagger2.web.Swagger2ControllerWebMvc#getDocumentation(String, HttpServletRequest)]
2021-06-16 17:39:34.206 [main] INFO  o.s.scheduling.concurrent.ThreadPoolTaskExecutor - Initializing ExecutorService 'applicationTaskExecutor'
2021-06-16 17:39:34.353 [main] INFO  org.apache.coyote.http11.Http11NioProtocol - Starting ProtocolHandler ["http-nio-9090"]
2021-06-16 17:39:34.377 [main] INFO  o.s.boot.web.embedded.tomcat.TomcatWebServer - Tomcat started on port(s): 9090 (http) with context path ''
2021-06-16 17:39:34.379 [main] INFO  s.d.s.web.plugins.DocumentationPluginsBootstrapper - Documentation plugins bootstrapped
2021-06-16 17:39:34.382 [main] INFO  s.d.s.web.plugins.DocumentationPluginsBootstrapper - Found 1 custom documentation plugin(s)
2021-06-16 17:39:34.411 [main] INFO  s.d.spring.web.scanners.ApiListingReferenceScanner - Scanning for api listing references
2021-06-16 17:39:34.518 [main] INFO  com.boran.erp.ArchetypeLtPdApplication - Started ArchetypeLtPdApplication in 5.112 seconds (JVM running for 6.649)
2021-06-16 17:39:34.521 [main] INFO  com.boran.erp.ArchetypeLtPdApplication - 
===============启动成功了===============
2021-06-16 17:39:37.269 [http-nio-9090-exec-1] INFO  o.a.c.core.ContainerBase.[Tomcat].[localhost].[/] - Initializing Spring DispatcherServlet 'dispatcherServlet'
2021-06-16 17:39:37.270 [http-nio-9090-exec-1] INFO  org.springframework.web.servlet.DispatcherServlet - Initializing Servlet 'dispatcherServlet'
2021-06-16 17:39:37.280 [http-nio-9090-exec-1] INFO  org.springframework.web.servlet.DispatcherServlet - Completed initialization in 10 ms
