2021-06-30 17:13:58.759 [main] INFO  com.boran.erp.ArchetypeLtPdApplication - Starting ArchetypeLtPdApplication on LAPTOP-M5HOM3R5 with PID 2856 (C:\Users\LT\Desktop\boran_erp\boran_erp-PD\target\classes started by LT in C:\Users\LT\Desktop\boran_erp)
2021-06-30 17:13:58.763 [main] INFO  com.boran.erp.ArchetypeLtPdApplication - No active profile set, falling back to default profiles: default
2021-06-30 17:14:00.635 [main] INFO  o.s.d.r.config.RepositoryConfigurationDelegate - Multiple Spring Data modules found, entering strict repository configuration mode!
2021-06-30 17:14:00.638 [main] INFO  o.s.d.r.config.RepositoryConfigurationDelegate - Bootstrapping Spring Data Redis repositories in DEFAULT mode.
2021-06-30 17:14:00.682 [main] INFO  o.s.d.r.config.RepositoryConfigurationDelegate - Finished Spring Data repository scanning in 27ms. Found 0 Redis repository interfaces.
2021-06-30 17:14:01.804 [main] INFO  o.s.boot.web.embedded.tomcat.TomcatWebServer - Tomcat initialized with port(s): 9090 (http)
2021-06-30 17:14:01.813 [main] INFO  org.apache.coyote.http11.Http11NioProtocol - Initializing ProtocolHandler ["http-nio-9090"]
2021-06-30 17:14:01.814 [main] INFO  org.apache.catalina.core.StandardService - Starting service [Tomcat]
2021-06-30 17:14:01.814 [main] INFO  org.apache.catalina.core.StandardEngine - Starting Servlet engine: [Apache Tomcat/9.0.39]
2021-06-30 17:14:01.937 [main] INFO  o.a.c.core.ContainerBase.[Tomcat].[localhost].[/] - Initializing Spring embedded WebApplicationContext
2021-06-30 17:14:01.937 [main] INFO  o.s.b.w.s.c.ServletWebServerApplicationContext - Root WebApplicationContext: initialization completed in 3046 ms
2021-06-30 17:14:02.014 [main] INFO  org.apache.catalina.core.StandardService - Stopping service [Tomcat]
2021-06-30 17:14:02.051 [main] INFO  o.s.b.a.l.ConditionEvaluationReportLoggingListener - 

Error starting ApplicationContext. To display the conditions report re-run your application with 'debug' enabled.
2021-06-30 17:14:50.213 [main] INFO  com.boran.erp.ArchetypeLtPdApplication - Starting ArchetypeLtPdApplication on LAPTOP-M5HOM3R5 with PID 1572 (C:\Users\LT\Desktop\boran_erp\boran_erp-PD\target\classes started by LT in C:\Users\LT\Desktop\boran_erp)
2021-06-30 17:14:50.214 [main] INFO  com.boran.erp.ArchetypeLtPdApplication - No active profile set, falling back to default profiles: default
2021-06-30 17:14:51.158 [main] INFO  o.s.d.r.config.RepositoryConfigurationDelegate - Multiple Spring Data modules found, entering strict repository configuration mode!
2021-06-30 17:14:51.161 [main] INFO  o.s.d.r.config.RepositoryConfigurationDelegate - Bootstrapping Spring Data Redis repositories in DEFAULT mode.
2021-06-30 17:14:51.200 [main] INFO  o.s.d.r.config.RepositoryConfigurationDelegate - Finished Spring Data repository scanning in 26ms. Found 0 Redis repository interfaces.
2021-06-30 17:14:51.990 [main] INFO  o.s.boot.web.embedded.tomcat.TomcatWebServer - Tomcat initialized with port(s): 9090 (http)
2021-06-30 17:14:52.000 [main] INFO  org.apache.coyote.http11.Http11NioProtocol - Initializing ProtocolHandler ["http-nio-9090"]
2021-06-30 17:14:52.000 [main] INFO  org.apache.catalina.core.StandardService - Starting service [Tomcat]
2021-06-30 17:14:52.001 [main] INFO  org.apache.catalina.core.StandardEngine - Starting Servlet engine: [Apache Tomcat/9.0.39]
2021-06-30 17:14:52.112 [main] INFO  o.a.c.core.ContainerBase.[Tomcat].[localhost].[/] - Initializing Spring embedded WebApplicationContext
2021-06-30 17:14:52.112 [main] INFO  o.s.b.w.s.c.ServletWebServerApplicationContext - Root WebApplicationContext: initialization completed in 1846 ms
2021-06-30 17:14:54.810 [main] INFO  com.boran.erp.Config.ExecutorConfig - start asyncServiceExecutor
2021-06-30 17:14:54.811 [main] INFO  o.s.scheduling.concurrent.ThreadPoolTaskExecutor - Initializing ExecutorService
2021-06-30 17:14:54.812 [main] INFO  o.s.scheduling.concurrent.ThreadPoolTaskExecutor - Initializing ExecutorService 'asyncServiceExecutor'
2021-06-30 17:14:54.832 [main] INFO  s.d.s.w.WebMvcPropertySourcedRequestMappingHandlerMapping - Mapped URL path [/v2/api-docs] onto method [springfox.documentation.swagger2.web.Swagger2ControllerWebMvc#getDocumentation(String, HttpServletRequest)]
2021-06-30 17:14:55.308 [main] INFO  org.apache.coyote.http11.Http11NioProtocol - Starting ProtocolHandler ["http-nio-9090"]
2021-06-30 17:14:55.336 [main] INFO  o.s.boot.web.embedded.tomcat.TomcatWebServer - Tomcat started on port(s): 9090 (http) with context path ''
2021-06-30 17:14:55.337 [main] INFO  s.d.s.web.plugins.DocumentationPluginsBootstrapper - Documentation plugins bootstrapped
2021-06-30 17:14:55.340 [main] INFO  s.d.s.web.plugins.DocumentationPluginsBootstrapper - Found 1 custom documentation plugin(s)
2021-06-30 17:14:55.383 [main] INFO  s.d.spring.web.scanners.ApiListingReferenceScanner - Scanning for api listing references
2021-06-30 17:14:55.496 [main] INFO  com.boran.erp.ArchetypeLtPdApplication - Started ArchetypeLtPdApplication in 5.948 seconds (JVM running for 7.467)
2021-06-30 17:14:55.498 [main] INFO  com.boran.erp.ArchetypeLtPdApplication - 
===============启动成功了===============
2021-06-30 17:17:00.373 [http-nio-9090-exec-1] INFO  o.a.c.core.ContainerBase.[Tomcat].[localhost].[/] - Initializing Spring DispatcherServlet 'dispatcherServlet'
2021-06-30 17:17:00.373 [http-nio-9090-exec-1] INFO  org.springframework.web.servlet.DispatcherServlet - Initializing Servlet 'dispatcherServlet'
2021-06-30 17:17:00.431 [http-nio-9090-exec-1] INFO  org.springframework.web.servlet.DispatcherServlet - Completed initialization in 56 ms
2021-06-30 17:17:00.745 [http-nio-9090-exec-1] INFO  com.zaxxer.hikari.HikariDataSource - HikariPool-1 - Starting...
2021-06-30 17:17:02.045 [http-nio-9090-exec-1] INFO  com.zaxxer.hikari.HikariDataSource - HikariPool-1 - Start completed.
2021-06-30 17:17:02.157 [async-service-1] INFO  com.boran.erp.mapper.UserInfoMapper - start executeAsync
2021-06-30 17:17:02.159 [async-service-1] INFO  com.boran.erp.mapper.UserInfoMapper - end executeAsync
